
PrimeMaster started
Using worker jar: ./prime-worker.jar
Number of tasks : 32
Found JavaGAT at any://fs0.das3.cs.vu.nl//var/scratch/tbr440/JavaGAT-2.1.0/
Created task 1234567890 result.0
Tasks waiting 31 / running 1 / finished 0
Scheduled a Task
Created task 1234567891 result.1
Tasks waiting 30 / running 2 / finished 0
Scheduled a Task
Created task 1234567892 result.2
Tasks waiting 29 / running 3 / finished 0
Scheduled a Task
Created task 1234567893 result.3
Tasks waiting 28 / running 4 / finished 0
Scheduled a Task
Created task 1234567894 result.4
Tasks waiting 27 / running 5 / finished 0
Scheduled a Task
Created task 1234567895 result.5
Tasks waiting 26 / running 6 / finished 0
Scheduled a Task
Created task 1234567896 result.6
Tasks waiting 25 / running 7 / finished 0
Scheduled a Task
Created task 1234567897 result.7
Tasks waiting 24 / running 8 / finished 0
Scheduled a Task
Created task 1234567898 result.8
Tasks waiting 23 / running 9 / finished 0
Scheduled a Task
Created task 1234567899 result.9
Tasks waiting 22 / running 10 / finished 0
Scheduled a Task
Created task 1234567900 result.10
Tasks waiting 21 / running 11 / finished 0
Scheduled a Task
Created task 1234567901 result.11
Tasks waiting 20 / running 12 / finished 0
Scheduled a Task
Created task 1234567902 result.12
Tasks waiting 19 / running 13 / finished 0
Scheduled a Task
Created task 1234567903 result.13
Tasks waiting 18 / running 14 / finished 0
Scheduled a Task
Created task 1234567904 result.14
Tasks waiting 17 / running 15 / finished 0
Scheduled a Task
Created task 1234567905 result.15
Tasks waiting 16 / running 16 / finished 0
Scheduled a Task
Created task 1234567906 result.16
Tasks waiting 15 / running 17 / finished 0
Scheduled a Task
Created task 1234567907 result.17
Tasks waiting 14 / running 18 / finished 0
Scheduled a Task
Created task 1234567908 result.18
Tasks waiting 13 / running 19 / finished 0
Scheduled a Task
Created task 1234567909 result.19
Tasks waiting 12 / running 20 / finished 0
Scheduled a Task
Created task 1234567910 result.20
Tasks waiting 11 / running 21 / finished 0
Scheduled a Task
Created task 1234567911 result.21
Tasks waiting 10 / running 22 / finished 0
Scheduled a Task
Created task 1234567912 result.22
Tasks waiting 9 / running 23 / finished 0
Scheduled a Task
Created task 1234567913 result.23
Tasks waiting 8 / running 24 / finished 0
Scheduled a Task
Created task 1234567914 result.24
Tasks waiting 7 / running 25 / finished 0
Scheduled a Task
Created task 1234567915 result.25
Tasks waiting 6 / running 26 / finished 0
Scheduled a Task
Created task 1234567916 result.26
Tasks waiting 5 / running 27 / finished 0
Scheduled a Task
Created task 1234567917 result.27
Tasks waiting 4 / running 28 / finished 0
Scheduled a Task
Created task 1234567918 result.28
Tasks waiting 3 / running 29 / finished 0
Scheduled a Task
Created task 1234567919 result.29
Tasks waiting 2 / running 30 / finished 0
Scheduled a Task
Created task 1234567920 result.30
Tasks waiting 1 / running 31 / finished 0
Scheduled a Task
Created task 1234567921 result.31
Tasks waiting 0 / running 32 / finished 0
Scheduled a Task
Submitted a Job to: any://fs0.das3.cs.vu.nl/jobmanager-sge
Submitted a Job to: any://fs0.das3.cs.vu.nl/jobmanager-sge
Submitted a Job to: any://fs0.das3.cs.vu.nl/jobmanager-sge
Submitted a Job to: any://fs0.das3.cs.vu.nl/jobmanager-sge
Idle... [scheduled: 24, current: 8, finished: 0]
Idle... [scheduled: 24, current: 8, finished: 0]
Idle... [scheduled: 24, current: 8, finished: 0]
Idle... [scheduled: 24, current: 8, finished: 0]
Idle... [scheduled: 24, current: 8, finished: 0]
Idle... [scheduled: 24, current: 8, finished: 0]
Idle... [scheduled: 24, current: 8, finished: 0]
Idle... [scheduled: 24, current: 8, finished: 0]
Idle... [scheduled: 24, current: 8, finished: 0]
Idle... [scheduled: 24, current: 8, finished: 0]
Idle... [scheduled: 24, current: 8, finished: 0]
Idle... [scheduled: 24, current: 8, finished: 0]
Idle... [scheduled: 24, current: 8, finished: 0]
Idle... [scheduled: 24, current: 8, finished: 0]
Idle... [scheduled: 24, current: 8, finished: 0]
Idle... [scheduled: 24, current: 8, finished: 0]
Idle... [scheduled: 24, current: 8, finished: 0]
Idle... [scheduled: 24, current: 8, finished: 0]
Idle... [scheduled: 24, current: 8, finished: 0]
Idle... [scheduled: 24, current: 8, finished: 0]
Idle... [scheduled: 24, current: 8, finished: 0]
Idle... [scheduled: 24, current: 8, finished: 0]
Idle... [scheduled: 24, current: 8, finished: 0]
Idle... [scheduled: 24, current: 8, finished: 0]
Idle... [scheduled: 24, current: 8, finished: 0]
Idle... [scheduled: 24, current: 8, finished: 0]
Idle... [scheduled: 24, current: 8, finished: 0]
Idle... [scheduled: 24, current: 8, finished: 0]
Idle... [scheduled: 24, current: 8, finished: 0]
Idle... [scheduled: 24, current: 8, finished: 0]
Idle... [scheduled: 24, current: 8, finished: 0]
Idle... [scheduled: 24, current: 8, finished: 0]
Idle... [scheduled: 24, current: 8, finished: 0]
Idle... [scheduled: 24, current: 8, finished: 0]
Idle... [scheduled: 24, current: 8, finished: 0]
Idle... [scheduled: 24, current: 8, finished: 0]
Idle... [scheduled: 24, current: 8, finished: 0]
Idle... [scheduled: 24, current: 8, finished: 0]
Idle... [scheduled: 24, current: 8, finished: 0]
Idle... [scheduled: 24, current: 8, finished: 0]
Idle... [scheduled: 24, current: 8, finished: 0]
Idle... [scheduled: 24, current: 8, finished: 0]
Idle... [scheduled: 24, current: 8, finished: 0]
Idle... [scheduled: 24, current: 8, finished: 0]
Idle... [scheduled: 24, current: 8, finished: 0]
Idle... [scheduled: 24, current: 8, finished: 0]
Idle... [scheduled: 24, current: 8, finished: 0]
Idle... [scheduled: 24, current: 8, finished: 0]
Idle... [scheduled: 24, current: 8, finished: 0]
Idle... [scheduled: 24, current: 8, finished: 0]
Idle... [scheduled: 24, current: 8, finished: 0]
Idle... [scheduled: 24, current: 8, finished: 0]
Idle... [scheduled: 24, current: 8, finished: 0]
Idle... [scheduled: 24, current: 8, finished: 0]
Idle... [scheduled: 24, current: 8, finished: 0]
Idle... [scheduled: 24, current: 8, finished: 0]
Checking task:0: [result.0]
Job finished with status: STOPPED
Checking file: /home0/tbr440/Cluster and Grid Computing/prime/result.0
Checking task:0: [result.0]
Job finished with status: STOPPED
Checking file: /home0/tbr440/Cluster and Grid Computing/prime/result.0
Finished task: 0
Task 0 done
Tasks waiting 0 / running 31 / finished 1
Finished a Job
Finished a Job
Finished a Job
Finished a Job
Submitted a Job to: any://fs0.das3.cs.vu.nl/jobmanager-sge
Submitted a Job to: any://fs0.das3.cs.vu.nl/jobmanager-sge
Submitted a Job to: any://fs0.das3.cs.vu.nl/jobmanager-sge
Submitted a Job to: any://fs0.das3.cs.vu.nl/jobmanager-sge
Checking task:1: [result.1]
Job finished with status: STOPPED
Checking file: /home0/tbr440/Cluster and Grid Computing/prime/result.1
Checking task:1: [result.1]
Job finished with status: STOPPED
Checking file: /home0/tbr440/Cluster and Grid Computing/prime/result.1
Finished task: 1
Task 1 done
Tasks waiting 0 / running 30 / finished 2
Checking task:2: [result.2]
Job finished with status: STOPPED
Checking file: /home0/tbr440/Cluster and Grid Computing/prime/result.2
Checking task:2: [result.2]
Job finished with status: STOPPED
Checking file: /home0/tbr440/Cluster and Grid Computing/prime/result.2
Finished task: 2
Task 2 done
Tasks waiting 0 / running 29 / finished 3
Checking task:3: [result.3]
Job finished with status: STOPPED
Checking file: /home0/tbr440/Cluster and Grid Computing/prime/result.3
Checking task:3: [result.3]
Job finished with status: STOPPED
Checking file: /home0/tbr440/Cluster and Grid Computing/prime/result.3
Finished task: 3
Task 3 done
Tasks waiting 0 / running 28 / finished 4
Checking task:4: [result.4]
Job finished with status: STOPPED
Checking file: /home0/tbr440/Cluster and Grid Computing/prime/result.4
Checking task:4: [result.4]
Job finished with status: STOPPED
Checking file: /home0/tbr440/Cluster and Grid Computing/prime/result.4
Finished task: 4
Task 4 done
Tasks waiting 0 / running 27 / finished 5
Checking task:5: [result.5]
Job finished with status: STOPPED
Checking file: /home0/tbr440/Cluster and Grid Computing/prime/result.5
Checking task:5: [result.5]
Job finished with status: STOPPED
Checking file: /home0/tbr440/Cluster and Grid Computing/prime/result.5
Finished task: 5
Task 5 done
Tasks waiting 0 / running 26 / finished 6
Checking task:6: [result.6]
Job finished with status: STOPPED
Checking file: /home0/tbr440/Cluster and Grid Computing/prime/result.6
Checking task:6: [result.6]
Job finished with status: STOPPED
Checking file: /home0/tbr440/Cluster and Grid Computing/prime/result.6
Finished task: 6
Task 6 done
Tasks waiting 0 / running 25 / finished 7
Checking task:7: [result.7]
Job finished with status: STOPPED
Checking file: /home0/tbr440/Cluster and Grid Computing/prime/result.7
Checking task:7: [result.7]
Job finished with status: STOPPED
Checking file: /home0/tbr440/Cluster and Grid Computing/prime/result.7
Finished task: 7
Task 7 done
Tasks waiting 0 / running 24 / finished 8
Idle... [scheduled: 16, current: 8, finished: 8]
Idle... [scheduled: 16, current: 8, finished: 8]
Idle... [scheduled: 16, current: 8, finished: 8]
Idle... [scheduled: 16, current: 8, finished: 8]
Idle... [scheduled: 16, current: 8, finished: 8]
Idle... [scheduled: 16, current: 8, finished: 8]
Idle... [scheduled: 16, current: 8, finished: 8]
Idle... [scheduled: 16, current: 8, finished: 8]
Idle... [scheduled: 16, current: 8, finished: 8]
Idle... [scheduled: 16, current: 8, finished: 8]
Idle... [scheduled: 16, current: 8, finished: 8]
Idle... [scheduled: 16, current: 8, finished: 8]
Idle... [scheduled: 16, current: 8, finished: 8]
Idle... [scheduled: 16, current: 8, finished: 8]
Idle... [scheduled: 16, current: 8, finished: 8]
Idle... [scheduled: 16, current: 8, finished: 8]
Idle... [scheduled: 16, current: 8, finished: 8]
Idle... [scheduled: 16, current: 8, finished: 8]
Idle... [scheduled: 16, current: 8, finished: 8]
Idle... [scheduled: 16, current: 8, finished: 8]
Idle... [scheduled: 16, current: 8, finished: 8]
Idle... [scheduled: 16, current: 8, finished: 8]
Idle... [scheduled: 16, current: 8, finished: 8]
Idle... [scheduled: 16, current: 8, finished: 8]
Idle... [scheduled: 16, current: 8, finished: 8]
Idle... [scheduled: 16, current: 8, finished: 8]
Idle... [scheduled: 16, current: 8, finished: 8]
Idle... [scheduled: 16, current: 8, finished: 8]
Idle... [scheduled: 16, current: 8, finished: 8]
Idle... [scheduled: 16, current: 8, finished: 8]
Idle... [scheduled: 16, current: 8, finished: 8]
Idle... [scheduled: 16, current: 8, finished: 8]
Idle... [scheduled: 16, current: 8, finished: 8]
Idle... [scheduled: 16, current: 8, finished: 8]
Idle... [scheduled: 16, current: 8, finished: 8]
Idle... [scheduled: 16, current: 8, finished: 8]
Idle... [scheduled: 16, current: 8, finished: 8]
Idle... [scheduled: 16, current: 8, finished: 8]
Idle... [scheduled: 16, current: 8, finished: 8]
Idle... [scheduled: 16, current: 8, finished: 8]
Idle... [scheduled: 16, current: 8, finished: 8]
Idle... [scheduled: 16, current: 8, finished: 8]
Idle... [scheduled: 16, current: 8, finished: 8]
Idle... [scheduled: 16, current: 8, finished: 8]
Idle... [scheduled: 16, current: 8, finished: 8]
Idle... [scheduled: 16, current: 8, finished: 8]
Idle... [scheduled: 16, current: 8, finished: 8]
Idle... [scheduled: 16, current: 8, finished: 8]
Idle... [scheduled: 16, current: 8, finished: 8]
Idle... [scheduled: 16, current: 8, finished: 8]
Idle... [scheduled: 16, current: 8, finished: 8]
Checking task:8: [result.8]
Job finished with status: STOPPED
Checking file: /home0/tbr440/Cluster and Grid Computing/prime/result.8
Checking task:8: [result.8]
Job finished with status: STOPPED
Checking file: /home0/tbr440/Cluster and Grid Computing/prime/result.8
Finished task: 8
Task 8 done
Tasks waiting 0 / running 23 / finished 9
Finished a Job
Finished a Job
Submitted a Job to: any://fs0.das3.cs.vu.nl/jobmanager-sge
Submitted a Job to: any://fs0.das3.cs.vu.nl/jobmanager-sge
Checking task:9: [result.9]
Job finished with status: STOPPED
Checking file: /home0/tbr440/Cluster and Grid Computing/prime/result.9
Checking task:9: [result.9]
Job finished with status: STOPPED
Checking file: /home0/tbr440/Cluster and Grid Computing/prime/result.9
Finished task: 9
Task 9 done
Tasks waiting 0 / running 22 / finished 10
Checking task:10: [result.10]
Job finished with status: STOPPED
Checking file: /home0/tbr440/Cluster and Grid Computing/prime/result.10
Checking task:10: [result.10]
Job finished with status: STOPPED
Checking file: /home0/tbr440/Cluster and Grid Computing/prime/result.10
Finished task: 10
Task 10 done
Tasks waiting 0 / running 21 / finished 11
Checking task:11: [result.11]
Job finished with status: STOPPED
Checking file: /home0/tbr440/Cluster and Grid Computing/prime/result.11
Checking task:11: [result.11]
Job finished with status: STOPPED
Checking file: /home0/tbr440/Cluster and Grid Computing/prime/result.11
Finished task: 11
Task 11 done
Tasks waiting 0 / running 20 / finished 12
Idle... [scheduled: 12, current: 8, finished: 12]
Idle... [scheduled: 12, current: 8, finished: 12]
Idle... [scheduled: 12, current: 8, finished: 12]
Idle... [scheduled: 12, current: 8, finished: 12]
Idle... [scheduled: 12, current: 8, finished: 12]
Checking task:12: [result.12]
Job finished with status: STOPPED
Checking file: /home0/tbr440/Cluster and Grid Computing/prime/result.12
Checking task:12: [result.12]
Job finished with status: STOPPED
Checking file: /home0/tbr440/Cluster and Grid Computing/prime/result.12
Finished task: 12
Task 12 done
Tasks waiting 0 / running 19 / finished 13
Finished a Job
Finished a Job
Submitted a Job to: any://fs0.das3.cs.vu.nl/jobmanager-sge
Submitted a Job to: any://fs0.das3.cs.vu.nl/jobmanager-sge
Checking task:13: [result.13]
Job finished with status: STOPPED
Checking file: /home0/tbr440/Cluster and Grid Computing/prime/result.13
Checking task:13: [result.13]
Job finished with status: STOPPED
Checking file: /home0/tbr440/Cluster and Grid Computing/prime/result.13
Finished task: 13
Task 13 done
Tasks waiting 0 / running 18 / finished 14
Checking task:14: [result.14]
Job finished with status: STOPPED
Checking file: /home0/tbr440/Cluster and Grid Computing/prime/result.14
Checking task:14: [result.14]
Job finished with status: STOPPED
Checking file: /home0/tbr440/Cluster and Grid Computing/prime/result.14
Finished task: 14
Task 14 done
Tasks waiting 0 / running 17 / finished 15
Checking task:15: [result.15]
Job finished with status: STOPPED
Checking file: /home0/tbr440/Cluster and Grid Computing/prime/result.15
Checking task:15: [result.15]
Job finished with status: STOPPED
Checking file: /home0/tbr440/Cluster and Grid Computing/prime/result.15
Finished task: 15
Task 15 done
Tasks waiting 0 / running 16 / finished 16
Idle... [scheduled: 8, current: 8, finished: 16]
Idle... [scheduled: 8, current: 8, finished: 16]
Idle... [scheduled: 8, current: 8, finished: 16]
Idle... [scheduled: 8, current: 8, finished: 16]
Idle... [scheduled: 8, current: 8, finished: 16]
Idle... [scheduled: 8, current: 8, finished: 16]
Idle... [scheduled: 8, current: 8, finished: 16]
Idle... [scheduled: 8, current: 8, finished: 16]
Idle... [scheduled: 8, current: 8, finished: 16]
Idle... [scheduled: 8, current: 8, finished: 16]
Idle... [scheduled: 8, current: 8, finished: 16]
Idle... [scheduled: 8, current: 8, finished: 16]
Idle... [scheduled: 8, current: 8, finished: 16]
Idle... [scheduled: 8, current: 8, finished: 16]
Idle... [scheduled: 8, current: 8, finished: 16]
Idle... [scheduled: 8, current: 8, finished: 16]
Idle... [scheduled: 8, current: 8, finished: 16]
Idle... [scheduled: 8, current: 8, finished: 16]
Idle... [scheduled: 8, current: 8, finished: 16]
Idle... [scheduled: 8, current: 8, finished: 16]
Idle... [scheduled: 8, current: 8, finished: 16]
Idle... [scheduled: 8, current: 8, finished: 16]
Idle... [scheduled: 8, current: 8, finished: 16]
Idle... [scheduled: 8, current: 8, finished: 16]
Idle... [scheduled: 8, current: 8, finished: 16]
Idle... [scheduled: 8, current: 8, finished: 16]
Idle... [scheduled: 8, current: 8, finished: 16]
Idle... [scheduled: 8, current: 8, finished: 16]
Idle... [scheduled: 8, current: 8, finished: 16]
Idle... [scheduled: 8, current: 8, finished: 16]
Idle... [scheduled: 8, current: 8, finished: 16]
Idle... [scheduled: 8, current: 8, finished: 16]
Idle... [scheduled: 8, current: 8, finished: 16]
Idle... [scheduled: 8, current: 8, finished: 16]
Idle... [scheduled: 8, current: 8, finished: 16]
Idle... [scheduled: 8, current: 8, finished: 16]
Idle... [scheduled: 8, current: 8, finished: 16]
Idle... [scheduled: 8, current: 8, finished: 16]
Idle... [scheduled: 8, current: 8, finished: 16]
Idle... [scheduled: 8, current: 8, finished: 16]
Idle... [scheduled: 8, current: 8, finished: 16]
Idle... [scheduled: 8, current: 8, finished: 16]
Idle... [scheduled: 8, current: 8, finished: 16]
Idle... [scheduled: 8, current: 8, finished: 16]
Idle... [scheduled: 8, current: 8, finished: 16]
Idle... [scheduled: 8, current: 8, finished: 16]
Checking task:18: [result.18]
Job finished with status: STOPPED
Checking file: /home0/tbr440/Cluster and Grid Computing/prime/result.18
Checking task:18: [result.18]
Job finished with status: STOPPED
Checking file: /home0/tbr440/Cluster and Grid Computing/prime/result.18
Finished task: 18
Task 18 done
Tasks waiting 0 / running 15 / finished 17
Finished a Job
Submitted a Job to: any://fs0.das3.cs.vu.nl/jobmanager-sge
Checking task:19: [result.19]
Job finished with status: STOPPED
Checking file: /home0/tbr440/Cluster and Grid Computing/prime/result.19
Checking task:19: [result.19]
Job finished with status: STOPPED
Checking file: /home0/tbr440/Cluster and Grid Computing/prime/result.19
Finished task: 19
Task 19 done
Tasks waiting 0 / running 14 / finished 18
Idle... [scheduled: 6, current: 8, finished: 18]
Idle... [scheduled: 6, current: 8, finished: 18]
Idle... [scheduled: 6, current: 8, finished: 18]
Idle... [scheduled: 6, current: 8, finished: 18]
Idle... [scheduled: 6, current: 8, finished: 18]
Checking task:16: [result.16]
Job finished with status: STOPPED
Checking file: /home0/tbr440/Cluster and Grid Computing/prime/result.16
Checking task:16: [result.16]
Job finished with status: STOPPED
Checking file: /home0/tbr440/Cluster and Grid Computing/prime/result.16
Finished task: 16
Task 16 done
Tasks waiting 0 / running 13 / finished 19
Finished a Job
Finished a Job
Finished a Job
Submitted a Job to: any://fs0.das3.cs.vu.nl/jobmanager-sge
Submitted a Job to: any://fs0.das3.cs.vu.nl/jobmanager-sge
Submitted a Job to: any://fs0.das3.cs.vu.nl/jobmanager-sge
Checking task:17: [result.17]
Job finished with status: STOPPED
Checking file: /home0/tbr440/Cluster and Grid Computing/prime/result.17
Checking task:17: [result.17]
Job finished with status: STOPPED
Checking file: /home0/tbr440/Cluster and Grid Computing/prime/result.17
Finished task: 17
Task 17 done
Tasks waiting 0 / running 12 / finished 20
Checking task:20: [result.20]
Job finished with status: STOPPED
Checking file: /home0/tbr440/Cluster and Grid Computing/prime/result.20
Checking task:20: [result.20]
Job finished with status: STOPPED
Checking file: /home0/tbr440/Cluster and Grid Computing/prime/result.20
Finished task: 20
Task 20 done
Tasks waiting 0 / running 11 / finished 21
Checking task:21: [result.21]
Job finished with status: STOPPED
Checking file: /home0/tbr440/Cluster and Grid Computing/prime/result.21
Checking task:21: [result.21]
Job finished with status: STOPPED
Checking file: /home0/tbr440/Cluster and Grid Computing/prime/result.21
Finished task: 21
Task 21 done
Tasks waiting 0 / running 10 / finished 22
Checking task:22: [result.22]
Job finished with status: STOPPED
Checking file: /home0/tbr440/Cluster and Grid Computing/prime/result.22
Checking task:22: [result.22]
Job finished with status: STOPPED
Checking file: /home0/tbr440/Cluster and Grid Computing/prime/result.22
Finished task: 22
Task 22 done
Tasks waiting 0 / running 9 / finished 23
Checking task:23: [result.23]
Job finished with status: STOPPED
Checking file: /home0/tbr440/Cluster and Grid Computing/prime/result.23
Checking task:23: [result.23]
Job finished with status: STOPPED
Checking file: /home0/tbr440/Cluster and Grid Computing/prime/result.23
Finished task: 23
Task 23 done
Tasks waiting 0 / running 8 / finished 24
Idle... [scheduled: 0, current: 8, finished: 24]
Idle... [scheduled: 0, current: 8, finished: 24]
Idle... [scheduled: 0, current: 8, finished: 24]
Idle... [scheduled: 0, current: 8, finished: 24]
Idle... [scheduled: 0, current: 8, finished: 24]
Idle... [scheduled: 0, current: 8, finished: 24]
Idle... [scheduled: 0, current: 8, finished: 24]
Idle... [scheduled: 0, current: 8, finished: 24]
Idle... [scheduled: 0, current: 8, finished: 24]
Idle... [scheduled: 0, current: 8, finished: 24]
Idle... [scheduled: 0, current: 8, finished: 24]
Idle... [scheduled: 0, current: 8, finished: 24]
Idle... [scheduled: 0, current: 8, finished: 24]
Idle... [scheduled: 0, current: 8, finished: 24]
Idle... [scheduled: 0, current: 8, finished: 24]
Idle... [scheduled: 0, current: 8, finished: 24]
Idle... [scheduled: 0, current: 8, finished: 24]
Idle... [scheduled: 0, current: 8, finished: 24]
Idle... [scheduled: 0, current: 8, finished: 24]
Idle... [scheduled: 0, current: 8, finished: 24]
Idle... [scheduled: 0, current: 8, finished: 24]
Idle... [scheduled: 0, current: 8, finished: 24]
Idle... [scheduled: 0, current: 8, finished: 24]
Idle... [scheduled: 0, current: 8, finished: 24]
Idle... [scheduled: 0, current: 8, finished: 24]
Idle... [scheduled: 0, current: 8, finished: 24]
Idle... [scheduled: 0, current: 8, finished: 24]
Idle... [scheduled: 0, current: 8, finished: 24]
Idle... [scheduled: 0, current: 8, finished: 24]
Idle... [scheduled: 0, current: 8, finished: 24]
Idle... [scheduled: 0, current: 8, finished: 24]
Idle... [scheduled: 0, current: 8, finished: 24]
Idle... [scheduled: 0, current: 8, finished: 24]
Idle... [scheduled: 0, current: 8, finished: 24]
Idle... [scheduled: 0, current: 8, finished: 24]
Idle... [scheduled: 0, current: 8, finished: 24]
Idle... [scheduled: 0, current: 8, finished: 24]
Idle... [scheduled: 0, current: 8, finished: 24]
Idle... [scheduled: 0, current: 8, finished: 24]
Idle... [scheduled: 0, current: 8, finished: 24]
Idle... [scheduled: 0, current: 8, finished: 24]
Idle... [scheduled: 0, current: 8, finished: 24]
Idle... [scheduled: 0, current: 8, finished: 24]
Idle... [scheduled: 0, current: 8, finished: 24]
Idle... [scheduled: 0, current: 8, finished: 24]
Idle... [scheduled: 0, current: 8, finished: 24]
Idle... [scheduled: 0, current: 8, finished: 24]
Idle... [scheduled: 0, current: 8, finished: 24]
Idle... [scheduled: 0, current: 8, finished: 24]
Idle... [scheduled: 0, current: 8, finished: 24]
Idle... [scheduled: 0, current: 8, finished: 24]
Checking task:24: [result.24]
Job finished with status: STOPPED
Checking file: /home0/tbr440/Cluster and Grid Computing/prime/result.24
Checking task:24: [result.24]
Job finished with status: STOPPED
Checking file: /home0/tbr440/Cluster and Grid Computing/prime/result.24
Finished task: 24
Task 24 done
Tasks waiting 0 / running 7 / finished 25
Finished a Job
Finished a Job
Finished a Job
Checking task:25: [result.25]
Job finished with status: STOPPED
Checking file: /home0/tbr440/Cluster and Grid Computing/prime/result.25
Checking task:25: [result.25]
Job finished with status: STOPPED
Checking file: /home0/tbr440/Cluster and Grid Computing/prime/result.25
Finished task: 25
Task 25 done
Tasks waiting 0 / running 6 / finished 26
Checking task:28: [result.28]
Job finished with status: STOPPED
Checking file: /home0/tbr440/Cluster and Grid Computing/prime/result.28
Checking task:28: [result.28]
Job finished with status: STOPPED
Checking file: /home0/tbr440/Cluster and Grid Computing/prime/result.28
Finished task: 28
Task 28 done
Tasks waiting 0 / running 5 / finished 27
Checking task:29: [result.29]
Job finished with status: STOPPED
Checking file: /home0/tbr440/Cluster and Grid Computing/prime/result.29
Checking task:29: [result.29]
Job finished with status: STOPPED
Checking file: /home0/tbr440/Cluster and Grid Computing/prime/result.29
Finished task: 29
Task 29 done
Tasks waiting 0 / running 4 / finished 28
Checking task:30: [result.30]
Job finished with status: STOPPED
Checking file: /home0/tbr440/Cluster and Grid Computing/prime/result.30
Checking task:30: [result.30]
Job finished with status: STOPPED
Checking file: /home0/tbr440/Cluster and Grid Computing/prime/result.30
Finished task: 30
Task 30 done
Tasks waiting 0 / running 3 / finished 29
Checking task:31: [result.31]
Job finished with status: STOPPED
Checking file: /home0/tbr440/Cluster and Grid Computing/prime/result.31
Checking task:31: [result.31]
Job finished with status: STOPPED
Checking file: /home0/tbr440/Cluster and Grid Computing/prime/result.31
Finished task: 31
Task 31 done
Tasks waiting 0 / running 2 / finished 30
Idle... [scheduled: 0, current: 2, finished: 30]
Idle... [scheduled: 0, current: 2, finished: 30]
Idle... [scheduled: 0, current: 2, finished: 30]
Idle... [scheduled: 0, current: 2, finished: 30]
Idle... [scheduled: 0, current: 2, finished: 30]
Checking task:26: [result.26]
Job finished with status: STOPPED
Checking file: /home0/tbr440/Cluster and Grid Computing/prime/result.26
Checking task:26: [result.26]
Job finished with status: STOPPED
Checking file: /home0/tbr440/Cluster and Grid Computing/prime/result.26
Finished task: 26
Task 26 done
Tasks waiting 0 / running 1 / finished 31
Finished a Job
Checking task:27: [result.27]
Job finished with status: STOPPED
Checking file: /home0/tbr440/Cluster and Grid Computing/prime/result.27
Checking task:27: [result.27]
Job finished with status: STOPPED
Checking file: /home0/tbr440/Cluster and Grid Computing/prime/result.27
Finished task: 27
Task 27 done
Tasks waiting 0 / running 0 / finished 32

Tasks finished: 32 (OK)
Results:
  1234567890 -> 2 * 3 * 3 * 5 * 3607 * 3803
  1234567891 -> 1234567891
  1234567892 -> 2 * 2 * 41 * 7527853
  1234567893 -> 3 * 13 * 31655587
  1234567894 -> 2 * 7 * 47 * 479 * 3917
  1234567895 -> 5 * 11 * 23 * 975943
  1234567896 -> 2 * 2 * 2 * 3 * 83 * 619763
  1234567897 -> 17 * 73 * 994817
  1234567898 -> 2 * 61 * 10119409
  1234567899 -> 3 * 3 * 3 * 3 * 109 * 139831
  1234567900 -> 2 * 2 * 5 * 5 * 37 * 333667
  1234567901 -> 7 * 31 * 613 * 9281
  1234567902 -> 2 * 3 * 19 * 53 * 204331
  1234567903 -> 29 * 42571307
  1234567904 -> 2 * 2 * 2 * 2 * 2 * 38580247
  1234567905 -> 3 * 5 * 443 * 185789
  1234567906 -> 2 * 11 * 13 * 631 * 6841
  1234567907 -> 1234567907
  1234567908 -> 2 * 2 * 3 * 3 * 7 * 4899079
  1234567909 -> 20887 * 59107
  1234567910 -> 2 * 5 * 123456791
  1234567911 -> 3 * 411522637
  1234567912 -> 2 * 2 * 2 * 317 * 486817
  1234567913 -> 1234567913
  1234567914 -> 2 * 3 * 17 * 947 * 12781
  1234567915 -> 5 * 7 * 35273369
  1234567916 -> 2 * 2 * 499 * 618521
  1234567917 -> 3 * 3 * 11 * 223 * 55921
  1234567918 -> 2 * 23 * 79 * 339727
  1234567919 -> 13 * 94966763
  1234567920 -> 2 * 2 * 2 * 2 * 3 * 5 * 59 * 87187
  1234567921 -> 19 * 64977259

Master time: 448 sec.
Worker time: 2327 sec.

real	7m29.580s
user	0m17.997s
sys	0m2.840s
_tbr440@fs0:~/cgc/prime\[tbr440@fs0 prime]$ 