
PrimeMaster started
Using worker jar: ./prime-worker.jar
Number of tasks : 64
Found JavaGAT at any://fs0.das3.cs.vu.nl//var/scratch/tbr440/JavaGAT-2.1.0/
Created task 1234567890 result.0
Tasks waiting 63 / running 1 / finished 0
Scheduled a Task
Created task 1234567891 result.1
Tasks waiting 62 / running 2 / finished 0
Scheduled a Task
Created task 1234567892 result.2
Tasks waiting 61 / running 3 / finished 0
Scheduled a Task
Created task 1234567893 result.3
Tasks waiting 60 / running 4 / finished 0
Scheduled a Task
Created task 1234567894 result.4
Tasks waiting 59 / running 5 / finished 0
Scheduled a Task
Created task 1234567895 result.5
Tasks waiting 58 / running 6 / finished 0
Scheduled a Task
Created task 1234567896 result.6
Tasks waiting 57 / running 7 / finished 0
Scheduled a Task
Created task 1234567897 result.7
Tasks waiting 56 / running 8 / finished 0
Scheduled a Task
Created task 1234567898 result.8
Tasks waiting 55 / running 9 / finished 0
Scheduled a Task
Created task 1234567899 result.9
Tasks waiting 54 / running 10 / finished 0
Scheduled a Task
Created task 1234567900 result.10
Tasks waiting 53 / running 11 / finished 0
Scheduled a Task
Created task 1234567901 result.11
Tasks waiting 52 / running 12 / finished 0
Scheduled a Task
Created task 1234567902 result.12
Tasks waiting 51 / running 13 / finished 0
Scheduled a Task
Created task 1234567903 result.13
Tasks waiting 50 / running 14 / finished 0
Scheduled a Task
Created task 1234567904 result.14
Tasks waiting 49 / running 15 / finished 0
Scheduled a Task
Created task 1234567905 result.15
Tasks waiting 48 / running 16 / finished 0
Scheduled a Task
Created task 1234567906 result.16
Tasks waiting 47 / running 17 / finished 0
Scheduled a Task
Created task 1234567907 result.17
Tasks waiting 46 / running 18 / finished 0
Scheduled a Task
Created task 1234567908 result.18
Tasks waiting 45 / running 19 / finished 0
Scheduled a Task
Created task 1234567909 result.19
Tasks waiting 44 / running 20 / finished 0
Scheduled a Task
Created task 1234567910 result.20
Tasks waiting 43 / running 21 / finished 0
Scheduled a Task
Created task 1234567911 result.21
Tasks waiting 42 / running 22 / finished 0
Scheduled a Task
Created task 1234567912 result.22
Tasks waiting 41 / running 23 / finished 0
Scheduled a Task
Created task 1234567913 result.23
Tasks waiting 40 / running 24 / finished 0
Scheduled a Task
Created task 1234567914 result.24
Tasks waiting 39 / running 25 / finished 0
Scheduled a Task
Created task 1234567915 result.25
Tasks waiting 38 / running 26 / finished 0
Scheduled a Task
Created task 1234567916 result.26
Tasks waiting 37 / running 27 / finished 0
Scheduled a Task
Created task 1234567917 result.27
Tasks waiting 36 / running 28 / finished 0
Scheduled a Task
Created task 1234567918 result.28
Tasks waiting 35 / running 29 / finished 0
Scheduled a Task
Created task 1234567919 result.29
Tasks waiting 34 / running 30 / finished 0
Scheduled a Task
Created task 1234567920 result.30
Tasks waiting 33 / running 31 / finished 0
Scheduled a Task
Created task 1234567921 result.31
Tasks waiting 32 / running 32 / finished 0
Scheduled a Task
Created task 1234567922 result.32
Tasks waiting 31 / running 33 / finished 0
Scheduled a Task
Created task 1234567923 result.33
Tasks waiting 30 / running 34 / finished 0
Scheduled a Task
Created task 1234567924 result.34
Tasks waiting 29 / running 35 / finished 0
Scheduled a Task
Created task 1234567925 result.35
Tasks waiting 28 / running 36 / finished 0
Scheduled a Task
Created task 1234567926 result.36
Tasks waiting 27 / running 37 / finished 0
Scheduled a Task
Created task 1234567927 result.37
Tasks waiting 26 / running 38 / finished 0
Scheduled a Task
Created task 1234567928 result.38
Tasks waiting 25 / running 39 / finished 0
Scheduled a Task
Created task 1234567929 result.39
Tasks waiting 24 / running 40 / finished 0
Scheduled a Task
Created task 1234567930 result.40
Tasks waiting 23 / running 41 / finished 0
Scheduled a Task
Created task 1234567931 result.41
Tasks waiting 22 / running 42 / finished 0
Scheduled a Task
Created task 1234567932 result.42
Tasks waiting 21 / running 43 / finished 0
Scheduled a Task
Created task 1234567933 result.43
Tasks waiting 20 / running 44 / finished 0
Scheduled a Task
Created task 1234567934 result.44
Tasks waiting 19 / running 45 / finished 0
Scheduled a Task
Created task 1234567935 result.45
Tasks waiting 18 / running 46 / finished 0
Scheduled a Task
Created task 1234567936 result.46
Tasks waiting 17 / running 47 / finished 0
Scheduled a Task
Created task 1234567937 result.47
Tasks waiting 16 / running 48 / finished 0
Scheduled a Task
Created task 1234567938 result.48
Tasks waiting 15 / running 49 / finished 0
Scheduled a Task
Created task 1234567939 result.49
Tasks waiting 14 / running 50 / finished 0
Scheduled a Task
Created task 1234567940 result.50
Tasks waiting 13 / running 51 / finished 0
Scheduled a Task
Created task 1234567941 result.51
Tasks waiting 12 / running 52 / finished 0
Scheduled a Task
Created task 1234567942 result.52
Tasks waiting 11 / running 53 / finished 0
Scheduled a Task
Created task 1234567943 result.53
Tasks waiting 10 / running 54 / finished 0
Scheduled a Task
Created task 1234567944 result.54
Tasks waiting 9 / running 55 / finished 0
Scheduled a Task
Created task 1234567945 result.55
Tasks waiting 8 / running 56 / finished 0
Scheduled a Task
Created task 1234567946 result.56
Tasks waiting 7 / running 57 / finished 0
Scheduled a Task
Created task 1234567947 result.57
Tasks waiting 6 / running 58 / finished 0
Scheduled a Task
Created task 1234567948 result.58
Tasks waiting 5 / running 59 / finished 0
Scheduled a Task
Created task 1234567949 result.59
Tasks waiting 4 / running 60 / finished 0
Scheduled a Task
Created task 1234567950 result.60
Tasks waiting 3 / running 61 / finished 0
Scheduled a Task
Created task 1234567951 result.61
Tasks waiting 2 / running 62 / finished 0
Scheduled a Task
Created task 1234567952 result.62
Tasks waiting 1 / running 63 / finished 0
Scheduled a Task
Created task 1234567953 result.63
Tasks waiting 0 / running 64 / finished 0
Scheduled a Task
Submitted a Job to: any://fs0.das3.cs.vu.nl/jobmanager-sge
Submitted a Job to: any://fs0.das3.cs.vu.nl/jobmanager-sge
Submitted a Job to: any://fs0.das3.cs.vu.nl/jobmanager-sge
Submitted a Job to: any://fs0.das3.cs.vu.nl/jobmanager-sge
Submitted a Job to: any://fs0.das3.cs.vu.nl/jobmanager-sge
Submitted a Job to: any://fs0.das3.cs.vu.nl/jobmanager-sge
Submitted a Job to: any://fs0.das3.cs.vu.nl/jobmanager-sge
Submitted a Job to: any://fs0.das3.cs.vu.nl/jobmanager-sge
Idle... [scheduled: 48, current: 16, finished: 0]
Idle... [scheduled: 48, current: 16, finished: 0]
Idle... [scheduled: 48, current: 16, finished: 0]
Idle... [scheduled: 48, current: 16, finished: 0]
Idle... [scheduled: 48, current: 16, finished: 0]
Idle... [scheduled: 48, current: 16, finished: 0]
Idle... [scheduled: 48, current: 16, finished: 0]
Idle... [scheduled: 48, current: 16, finished: 0]
Idle... [scheduled: 48, current: 16, finished: 0]
Idle... [scheduled: 48, current: 16, finished: 0]
Idle... [scheduled: 48, current: 16, finished: 0]
Idle... [scheduled: 48, current: 16, finished: 0]
Idle... [scheduled: 48, current: 16, finished: 0]
Idle... [scheduled: 48, current: 16, finished: 0]
Idle... [scheduled: 48, current: 16, finished: 0]
Idle... [scheduled: 48, current: 16, finished: 0]
Idle... [scheduled: 48, current: 16, finished: 0]
Idle... [scheduled: 48, current: 16, finished: 0]
Idle... [scheduled: 48, current: 16, finished: 0]
Idle... [scheduled: 48, current: 16, finished: 0]
Idle... [scheduled: 48, current: 16, finished: 0]
Idle... [scheduled: 48, current: 16, finished: 0]
Idle... [scheduled: 48, current: 16, finished: 0]
Idle... [scheduled: 48, current: 16, finished: 0]
Idle... [scheduled: 48, current: 16, finished: 0]
Idle... [scheduled: 48, current: 16, finished: 0]
Idle... [scheduled: 48, current: 16, finished: 0]
Idle... [scheduled: 48, current: 16, finished: 0]
Idle... [scheduled: 48, current: 16, finished: 0]
Idle... [scheduled: 48, current: 16, finished: 0]
Idle... [scheduled: 48, current: 16, finished: 0]
Idle... [scheduled: 48, current: 16, finished: 0]
Idle... [scheduled: 48, current: 16, finished: 0]
Idle... [scheduled: 48, current: 16, finished: 0]
Idle... [scheduled: 48, current: 16, finished: 0]
Idle... [scheduled: 48, current: 16, finished: 0]
Idle... [scheduled: 48, current: 16, finished: 0]
Idle... [scheduled: 48, current: 16, finished: 0]
Idle... [scheduled: 48, current: 16, finished: 0]
Idle... [scheduled: 48, current: 16, finished: 0]
Idle... [scheduled: 48, current: 16, finished: 0]
Idle... [scheduled: 48, current: 16, finished: 0]
Idle... [scheduled: 48, current: 16, finished: 0]
Idle... [scheduled: 48, current: 16, finished: 0]
Idle... [scheduled: 48, current: 16, finished: 0]
Idle... [scheduled: 48, current: 16, finished: 0]
Idle... [scheduled: 48, current: 16, finished: 0]
Idle... [scheduled: 48, current: 16, finished: 0]
Idle... [scheduled: 48, current: 16, finished: 0]
Idle... [scheduled: 48, current: 16, finished: 0]
Idle... [scheduled: 48, current: 16, finished: 0]
Idle... [scheduled: 48, current: 16, finished: 0]
Idle... [scheduled: 48, current: 16, finished: 0]
Idle... [scheduled: 48, current: 16, finished: 0]
Idle... [scheduled: 48, current: 16, finished: 0]
Idle... [scheduled: 48, current: 16, finished: 0]
Idle... [scheduled: 48, current: 16, finished: 0]
Idle... [scheduled: 48, current: 16, finished: 0]
Idle... [scheduled: 48, current: 16, finished: 0]
Idle... [scheduled: 48, current: 16, finished: 0]
Checking task:4: [result.4]
Job finished with status: STOPPED
Checking file: /home0/tbr440/Cluster and Grid Computing/prime/result.4
Checking task:4: [result.4]
Job finished with status: STOPPED
Checking file: /home0/tbr440/Cluster and Grid Computing/prime/result.4
Finished task: 4
Task 4 done
Tasks waiting 0 / running 63 / finished 1
Finished a Job
Finished a Job
Finished a Job
Finished a Job
Finished a Job
Finished a Job
Finished a Job
Finished a Job
Submitted a Job to: any://fs0.das3.cs.vu.nl/jobmanager-sge
Submitted a Job to: any://fs0.das3.cs.vu.nl/jobmanager-sge
Submitted a Job to: any://fs0.das3.cs.vu.nl/jobmanager-sge
Submitted a Job to: any://fs0.das3.cs.vu.nl/jobmanager-sge
Submitted a Job to: any://fs0.das3.cs.vu.nl/jobmanager-sge
Submitted a Job to: any://fs0.das3.cs.vu.nl/jobmanager-sge
Submitted a Job to: any://fs0.das3.cs.vu.nl/jobmanager-sge
Submitted a Job to: any://fs0.das3.cs.vu.nl/jobmanager-sge
Checking task:0: [result.0]
Job finished with status: STOPPED
Checking file: /home0/tbr440/Cluster and Grid Computing/prime/result.0
Checking task:0: [result.0]
Job finished with status: STOPPED
Checking file: /home0/tbr440/Cluster and Grid Computing/prime/result.0
Finished task: 0
Task 0 done
Tasks waiting 0 / running 62 / finished 2
Checking task:1: [result.1]
Job finished with status: STOPPED
Checking file: /home0/tbr440/Cluster and Grid Computing/prime/result.1
Checking task:1: [result.1]
Job finished with status: STOPPED
Checking file: /home0/tbr440/Cluster and Grid Computing/prime/result.1
Finished task: 1
Task 1 done
Tasks waiting 0 / running 61 / finished 3
Checking task:2: [result.2]
Job finished with status: STOPPED
Checking file: /home0/tbr440/Cluster and Grid Computing/prime/result.2
Checking task:2: [result.2]
Job finished with status: STOPPED
Checking file: /home0/tbr440/Cluster and Grid Computing/prime/result.2
Finished task: 2
Task 2 done
Tasks waiting 0 / running 60 / finished 4
Checking task:3: [result.3]
Job finished with status: STOPPED
Checking file: /home0/tbr440/Cluster and Grid Computing/prime/result.3
Checking task:3: [result.3]
Job finished with status: STOPPED
Checking file: /home0/tbr440/Cluster and Grid Computing/prime/result.3
Finished task: 3
Task 3 done
Tasks waiting 0 / running 59 / finished 5
Checking task:5: [result.5]
Job finished with status: STOPPED
Checking file: /home0/tbr440/Cluster and Grid Computing/prime/result.5
Checking task:5: [result.5]
Job finished with status: STOPPED
Checking file: /home0/tbr440/Cluster and Grid Computing/prime/result.5
Finished task: 5
Task 5 done
Tasks waiting 0 / running 58 / finished 6
Checking task:6: [result.6]
Job finished with status: STOPPED
Checking file: /home0/tbr440/Cluster and Grid Computing/prime/result.6
Checking task:6: [result.6]
Job finished with status: STOPPED
Checking file: /home0/tbr440/Cluster and Grid Computing/prime/result.6
Finished task: 6
Task 6 done
Tasks waiting 0 / running 57 / finished 7
Checking task:7: [result.7]
Job finished with status: STOPPED
Checking file: /home0/tbr440/Cluster and Grid Computing/prime/result.7
Checking task:7: [result.7]
Job finished with status: STOPPED
Checking file: /home0/tbr440/Cluster and Grid Computing/prime/result.7
Finished task: 7
Task 7 done
Tasks waiting 0 / running 56 / finished 8
Checking task:8: [result.8]
Job finished with status: STOPPED
Checking file: /home0/tbr440/Cluster and Grid Computing/prime/result.8
Checking task:8: [result.8]
Job finished with status: STOPPED
Checking file: /home0/tbr440/Cluster and Grid Computing/prime/result.8
Finished task: 8
Task 8 done
Tasks waiting 0 / running 55 / finished 9
Checking task:9: [result.9]
Job finished with status: STOPPED
Checking file: /home0/tbr440/Cluster and Grid Computing/prime/result.9
Checking task:9: [result.9]
Job finished with status: STOPPED
Checking file: /home0/tbr440/Cluster and Grid Computing/prime/result.9
Finished task: 9
Task 9 done
Tasks waiting 0 / running 54 / finished 10
Checking task:10: [result.10]
Job finished with status: STOPPED
Checking file: /home0/tbr440/Cluster and Grid Computing/prime/result.10
Checking task:10: [result.10]
Job finished with status: STOPPED
Checking file: /home0/tbr440/Cluster and Grid Computing/prime/result.10
Finished task: 10
Task 10 done
Tasks waiting 0 / running 53 / finished 11
Checking task:11: [result.11]
Job finished with status: STOPPED
Checking file: /home0/tbr440/Cluster and Grid Computing/prime/result.11
Checking task:11: [result.11]
Job finished with status: STOPPED
Checking file: /home0/tbr440/Cluster and Grid Computing/prime/result.11
Finished task: 11
Task 11 done
Tasks waiting 0 / running 52 / finished 12
Checking task:12: [result.12]
Job finished with status: STOPPED
Checking file: /home0/tbr440/Cluster and Grid Computing/prime/result.12
Checking task:12: [result.12]
Job finished with status: STOPPED
Checking file: /home0/tbr440/Cluster and Grid Computing/prime/result.12
Finished task: 12
Task 12 done
Tasks waiting 0 / running 51 / finished 13
Checking task:13: [result.13]
Job finished with status: STOPPED
Checking file: /home0/tbr440/Cluster and Grid Computing/prime/result.13
Checking task:13: [result.13]
Job finished with status: STOPPED
Checking file: /home0/tbr440/Cluster and Grid Computing/prime/result.13
Finished task: 13
Task 13 done
Tasks waiting 0 / running 50 / finished 14
Checking task:14: [result.14]
Job finished with status: STOPPED
Checking file: /home0/tbr440/Cluster and Grid Computing/prime/result.14
Checking task:14: [result.14]
Job finished with status: STOPPED
Checking file: /home0/tbr440/Cluster and Grid Computing/prime/result.14
Finished task: 14
Task 14 done
Tasks waiting 0 / running 49 / finished 15
Checking task:15: [result.15]
Job finished with status: STOPPED
Checking file: /home0/tbr440/Cluster and Grid Computing/prime/result.15
Checking task:15: [result.15]
Job finished with status: STOPPED
Checking file: /home0/tbr440/Cluster and Grid Computing/prime/result.15
Finished task: 15
Task 15 done
Tasks waiting 0 / running 48 / finished 16
Idle... [scheduled: 32, current: 16, finished: 16]
Idle... [scheduled: 32, current: 16, finished: 16]
Idle... [scheduled: 32, current: 16, finished: 16]
Idle... [scheduled: 32, current: 16, finished: 16]
Idle... [scheduled: 32, current: 16, finished: 16]
Idle... [scheduled: 32, current: 16, finished: 16]
Idle... [scheduled: 32, current: 16, finished: 16]
Idle... [scheduled: 32, current: 16, finished: 16]
Idle... [scheduled: 32, current: 16, finished: 16]
Idle... [scheduled: 32, current: 16, finished: 16]
Idle... [scheduled: 32, current: 16, finished: 16]
Idle... [scheduled: 32, current: 16, finished: 16]
Idle... [scheduled: 32, current: 16, finished: 16]
Idle... [scheduled: 32, current: 16, finished: 16]
Idle... [scheduled: 32, current: 16, finished: 16]
Idle... [scheduled: 32, current: 16, finished: 16]
Idle... [scheduled: 32, current: 16, finished: 16]
Idle... [scheduled: 32, current: 16, finished: 16]
Idle... [scheduled: 32, current: 16, finished: 16]
Idle... [scheduled: 32, current: 16, finished: 16]
Idle... [scheduled: 32, current: 16, finished: 16]
Idle... [scheduled: 32, current: 16, finished: 16]
Idle... [scheduled: 32, current: 16, finished: 16]
Idle... [scheduled: 32, current: 16, finished: 16]
Idle... [scheduled: 32, current: 16, finished: 16]
Idle... [scheduled: 32, current: 16, finished: 16]
Idle... [scheduled: 32, current: 16, finished: 16]
Idle... [scheduled: 32, current: 16, finished: 16]
Idle... [scheduled: 32, current: 16, finished: 16]
Idle... [scheduled: 32, current: 16, finished: 16]
Idle... [scheduled: 32, current: 16, finished: 16]
Idle... [scheduled: 32, current: 16, finished: 16]
Idle... [scheduled: 32, current: 16, finished: 16]
Idle... [scheduled: 32, current: 16, finished: 16]
Idle... [scheduled: 32, current: 16, finished: 16]
Idle... [scheduled: 32, current: 16, finished: 16]
Idle... [scheduled: 32, current: 16, finished: 16]
Idle... [scheduled: 32, current: 16, finished: 16]
Idle... [scheduled: 32, current: 16, finished: 16]
Idle... [scheduled: 32, current: 16, finished: 16]
Idle... [scheduled: 32, current: 16, finished: 16]
Idle... [scheduled: 32, current: 16, finished: 16]
Idle... [scheduled: 32, current: 16, finished: 16]
Idle... [scheduled: 32, current: 16, finished: 16]
Idle... [scheduled: 32, current: 16, finished: 16]
Idle... [scheduled: 32, current: 16, finished: 16]
Idle... [scheduled: 32, current: 16, finished: 16]
Idle... [scheduled: 32, current: 16, finished: 16]
Idle... [scheduled: 32, current: 16, finished: 16]
Idle... [scheduled: 32, current: 16, finished: 16]
Idle... [scheduled: 32, current: 16, finished: 16]
Idle... [scheduled: 32, current: 16, finished: 16]
Idle... [scheduled: 32, current: 16, finished: 16]
Idle... [scheduled: 32, current: 16, finished: 16]
Idle... [scheduled: 32, current: 16, finished: 16]
Idle... [scheduled: 32, current: 16, finished: 16]
Idle... [scheduled: 32, current: 16, finished: 16]
Idle... [scheduled: 32, current: 16, finished: 16]
Checking task:16: [result.16]
Job finished with status: STOPPED
Checking file: /home0/tbr440/Cluster and Grid Computing/prime/result.16
Checking task:16: [result.16]
Job finished with status: STOPPED
Checking file: /home0/tbr440/Cluster and Grid Computing/prime/result.16
Finished task: 16
Task 16 done
Tasks waiting 0 / running 47 / finished 17
Finished a Job
Finished a Job
Finished a Job
Finished a Job
Finished a Job
Finished a Job
Finished a Job
Submitted a Job to: any://fs0.das3.cs.vu.nl/jobmanager-sge
Submitted a Job to: any://fs0.das3.cs.vu.nl/jobmanager-sge
Submitted a Job to: any://fs0.das3.cs.vu.nl/jobmanager-sge
Submitted a Job to: any://fs0.das3.cs.vu.nl/jobmanager-sge
Submitted a Job to: any://fs0.das3.cs.vu.nl/jobmanager-sge
Submitted a Job to: any://fs0.das3.cs.vu.nl/jobmanager-sge
Submitted a Job to: any://fs0.das3.cs.vu.nl/jobmanager-sge
Checking task:17: [result.17]
Job finished with status: STOPPED
Checking file: /home0/tbr440/Cluster and Grid Computing/prime/result.17
Checking task:17: [result.17]
Job finished with status: STOPPED
Checking file: /home0/tbr440/Cluster and Grid Computing/prime/result.17
Finished task: 17
Task 17 done
Tasks waiting 0 / running 46 / finished 18
Finished a Job
Submitted a Job to: any://fs0.das3.cs.vu.nl/jobmanager-sge
Checking task:18: [result.18]
Job finished with status: STOPPED
Checking file: /home0/tbr440/Cluster and Grid Computing/prime/result.18
Checking task:18: [result.18]
Job finished with status: STOPPED
Checking file: /home0/tbr440/Cluster and Grid Computing/prime/result.18
Finished task: 18
Task 18 done
Tasks waiting 0 / running 45 / finished 19
Checking task:19: [result.19]
Job finished with status: STOPPED
Checking file: /home0/tbr440/Cluster and Grid Computing/prime/result.19
Checking task:19: [result.19]
Job finished with status: STOPPED
Checking file: /home0/tbr440/Cluster and Grid Computing/prime/result.19
Finished task: 19
Task 19 done
Tasks waiting 0 / running 44 / finished 20
Checking task:20: [result.20]
Job finished with status: STOPPED
Checking file: /home0/tbr440/Cluster and Grid Computing/prime/result.20
Checking task:20: [result.20]
Job finished with status: STOPPED
Checking file: /home0/tbr440/Cluster and Grid Computing/prime/result.20
Finished task: 20
Task 20 done
Tasks waiting 0 / running 43 / finished 21
Checking task:21: [result.21]
Job finished with status: STOPPED
Checking file: /home0/tbr440/Cluster and Grid Computing/prime/result.21
Checking task:21: [result.21]
Job finished with status: STOPPED
Checking file: /home0/tbr440/Cluster and Grid Computing/prime/result.21
Finished task: 21
Task 21 done
Tasks waiting 0 / running 42 / finished 22
Checking task:22: [result.22]
Job finished with status: STOPPED
Checking file: /home0/tbr440/Cluster and Grid Computing/prime/result.22
Checking task:22: [result.22]
Job finished with status: STOPPED
Checking file: /home0/tbr440/Cluster and Grid Computing/prime/result.22
Finished task: 22
Task 22 done
Tasks waiting 0 / running 41 / finished 23
Checking task:23: [result.23]
Job finished with status: STOPPED
Checking file: /home0/tbr440/Cluster and Grid Computing/prime/result.23
Checking task:23: [result.23]
Job finished with status: STOPPED
Checking file: /home0/tbr440/Cluster and Grid Computing/prime/result.23
Finished task: 23
Task 23 done
Tasks waiting 0 / running 40 / finished 24
Checking task:24: [result.24]
Job finished with status: STOPPED
Checking file: /home0/tbr440/Cluster and Grid Computing/prime/result.24
Checking task:24: [result.24]
Job finished with status: STOPPED
Checking file: /home0/tbr440/Cluster and Grid Computing/prime/result.24
Finished task: 24
Task 24 done
Tasks waiting 0 / running 39 / finished 25
Checking task:25: [result.25]
Job finished with status: STOPPED
Checking file: /home0/tbr440/Cluster and Grid Computing/prime/result.25
Checking task:25: [result.25]
Job finished with status: STOPPED
Checking file: /home0/tbr440/Cluster and Grid Computing/prime/result.25
Finished task: 25
Task 25 done
Tasks waiting 0 / running 38 / finished 26
Checking task:26: [result.26]
Job finished with status: STOPPED
Checking file: /home0/tbr440/Cluster and Grid Computing/prime/result.26
Checking task:26: [result.26]
Job finished with status: STOPPED
Checking file: /home0/tbr440/Cluster and Grid Computing/prime/result.26
Finished task: 26
Task 26 done
Tasks waiting 0 / running 37 / finished 27
Checking task:27: [result.27]
Job finished with status: STOPPED
Checking file: /home0/tbr440/Cluster and Grid Computing/prime/result.27
Checking task:27: [result.27]
Job finished with status: STOPPED
Checking file: /home0/tbr440/Cluster and Grid Computing/prime/result.27
Finished task: 27
Task 27 done
Tasks waiting 0 / running 36 / finished 28
Checking task:28: [result.28]
Job finished with status: STOPPED
Checking file: /home0/tbr440/Cluster and Grid Computing/prime/result.28
Checking task:28: [result.28]
Job finished with status: STOPPED
Checking file: /home0/tbr440/Cluster and Grid Computing/prime/result.28
Finished task: 28
Task 28 done
Tasks waiting 0 / running 35 / finished 29
Checking task:29: [result.29]
Job finished with status: STOPPED
Checking file: /home0/tbr440/Cluster and Grid Computing/prime/result.29
Checking task:29: [result.29]
Job finished with status: STOPPED
Checking file: /home0/tbr440/Cluster and Grid Computing/prime/result.29
Finished task: 29
Task 29 done
Tasks waiting 0 / running 34 / finished 30
Checking task:30: [result.30]
Job finished with status: STOPPED
Checking file: /home0/tbr440/Cluster and Grid Computing/prime/result.30
Checking task:30: [result.30]
Job finished with status: STOPPED
Checking file: /home0/tbr440/Cluster and Grid Computing/prime/result.30
Finished task: 30
Task 30 done
Tasks waiting 0 / running 33 / finished 31
Checking task:31: [result.31]
Job finished with status: STOPPED
Checking file: /home0/tbr440/Cluster and Grid Computing/prime/result.31
Checking task:31: [result.31]
Job finished with status: STOPPED
Checking file: /home0/tbr440/Cluster and Grid Computing/prime/result.31
Finished task: 31
Task 31 done
Tasks waiting 0 / running 32 / finished 32
Idle... [scheduled: 16, current: 16, finished: 32]
Idle... [scheduled: 16, current: 16, finished: 32]
Idle... [scheduled: 16, current: 16, finished: 32]
Idle... [scheduled: 16, current: 16, finished: 32]
Idle... [scheduled: 16, current: 16, finished: 32]
Idle... [scheduled: 16, current: 16, finished: 32]
Idle... [scheduled: 16, current: 16, finished: 32]
Idle... [scheduled: 16, current: 16, finished: 32]
Idle... [scheduled: 16, current: 16, finished: 32]
Idle... [scheduled: 16, current: 16, finished: 32]
Idle... [scheduled: 16, current: 16, finished: 32]
Idle... [scheduled: 16, current: 16, finished: 32]
Idle... [scheduled: 16, current: 16, finished: 32]
Idle... [scheduled: 16, current: 16, finished: 32]
Idle... [scheduled: 16, current: 16, finished: 32]
Idle... [scheduled: 16, current: 16, finished: 32]
Idle... [scheduled: 16, current: 16, finished: 32]
Idle... [scheduled: 16, current: 16, finished: 32]
Idle... [scheduled: 16, current: 16, finished: 32]
Idle... [scheduled: 16, current: 16, finished: 32]
Idle... [scheduled: 16, current: 16, finished: 32]
Idle... [scheduled: 16, current: 16, finished: 32]
Idle... [scheduled: 16, current: 16, finished: 32]
Idle... [scheduled: 16, current: 16, finished: 32]
Idle... [scheduled: 16, current: 16, finished: 32]
Idle... [scheduled: 16, current: 16, finished: 32]
Idle... [scheduled: 16, current: 16, finished: 32]
Idle... [scheduled: 16, current: 16, finished: 32]
Idle... [scheduled: 16, current: 16, finished: 32]
Idle... [scheduled: 16, current: 16, finished: 32]
Idle... [scheduled: 16, current: 16, finished: 32]
Idle... [scheduled: 16, current: 16, finished: 32]
Idle... [scheduled: 16, current: 16, finished: 32]
Idle... [scheduled: 16, current: 16, finished: 32]
Idle... [scheduled: 16, current: 16, finished: 32]
Idle... [scheduled: 16, current: 16, finished: 32]
Idle... [scheduled: 16, current: 16, finished: 32]
Idle... [scheduled: 16, current: 16, finished: 32]
Idle... [scheduled: 16, current: 16, finished: 32]
Idle... [scheduled: 16, current: 16, finished: 32]
Idle... [scheduled: 16, current: 16, finished: 32]
Idle... [scheduled: 16, current: 16, finished: 32]
Idle... [scheduled: 16, current: 16, finished: 32]
Idle... [scheduled: 16, current: 16, finished: 32]
Idle... [scheduled: 16, current: 16, finished: 32]
Idle... [scheduled: 16, current: 16, finished: 32]
Idle... [scheduled: 16, current: 16, finished: 32]
Idle... [scheduled: 16, current: 16, finished: 32]
Idle... [scheduled: 16, current: 16, finished: 32]
Idle... [scheduled: 16, current: 16, finished: 32]
Idle... [scheduled: 16, current: 16, finished: 32]
Idle... [scheduled: 16, current: 16, finished: 32]
Idle... [scheduled: 16, current: 16, finished: 32]
Idle... [scheduled: 16, current: 16, finished: 32]
Idle... [scheduled: 16, current: 16, finished: 32]
Idle... [scheduled: 16, current: 16, finished: 32]
Checking task:32: [result.32]
Job finished with status: STOPPED
Checking file: /home0/tbr440/Cluster and Grid Computing/prime/result.32
Checking task:32: [result.32]
Job finished with status: STOPPED
Checking file: /home0/tbr440/Cluster and Grid Computing/prime/result.32
Finished task: 32
Task 32 done
Tasks waiting 0 / running 31 / finished 33
Finished a Job
Submitted a Job to: any://fs0.das3.cs.vu.nl/jobmanager-sge
Checking task:33: [result.33]
Job finished with status: STOPPED
Checking file: /home0/tbr440/Cluster and Grid Computing/prime/result.33
Checking task:33: [result.33]
Job finished with status: STOPPED
Checking file: /home0/tbr440/Cluster and Grid Computing/prime/result.33
Finished task: 33
Task 33 done
Tasks waiting 0 / running 30 / finished 34
Idle... [scheduled: 14, current: 16, finished: 34]
Idle... [scheduled: 14, current: 16, finished: 34]
Checking task:36: [result.36]
Job finished with status: STOPPED
Checking file: /home0/tbr440/Cluster and Grid Computing/prime/result.36
Checking task:36: [result.36]
Job finished with status: STOPPED
Checking file: /home0/tbr440/Cluster and Grid Computing/prime/result.36
Finished task: 36
Task 36 done
Tasks waiting 0 / running 29 / finished 35
Finished a Job
Finished a Job
Submitted a Job to: any://fs0.das3.cs.vu.nl/jobmanager-sge
Submitted a Job to: any://fs0.das3.cs.vu.nl/jobmanager-sge
Checking task:37: [result.37]
Job finished with status: STOPPED
Checking file: /home0/tbr440/Cluster and Grid Computing/prime/result.37
Checking task:37: [result.37]
Job finished with status: STOPPED
Checking file: /home0/tbr440/Cluster and Grid Computing/prime/result.37
Finished task: 37
Task 37 done
Tasks waiting 0 / running 28 / finished 36
Finished a Job
Finished a Job
Finished a Job
Submitted a Job to: any://fs0.das3.cs.vu.nl/jobmanager-sge
Submitted a Job to: any://fs0.das3.cs.vu.nl/jobmanager-sge
Submitted a Job to: any://fs0.das3.cs.vu.nl/jobmanager-sge
Checking task:40: [result.40]
Job finished with status: STOPPED
Checking file: /home0/tbr440/Cluster and Grid Computing/prime/result.40
Checking task:40: [result.40]
Job finished with status: STOPPED
Checking file: /home0/tbr440/Cluster and Grid Computing/prime/result.40
Finished task: 40
Task 40 done
Tasks waiting 0 / running 27 / finished 37
Checking task:41: [result.41]
Job finished with status: STOPPED
Checking file: /home0/tbr440/Cluster and Grid Computing/prime/result.41
Checking task:41: [result.41]
Job finished with status: STOPPED
Checking file: /home0/tbr440/Cluster and Grid Computing/prime/result.41
Finished task: 41
Task 41 done
Tasks waiting 0 / running 26 / finished 38
Checking task:42: [result.42]
Job finished with status: STOPPED
Checking file: /home0/tbr440/Cluster and Grid Computing/prime/result.42
Checking task:42: [result.42]
Job finished with status: STOPPED
Checking file: /home0/tbr440/Cluster and Grid Computing/prime/result.42
Finished task: 42
Task 42 done
Tasks waiting 0 / running 25 / finished 39
Checking task:43: [result.43]
Job finished with status: STOPPED
Checking file: /home0/tbr440/Cluster and Grid Computing/prime/result.43
Checking task:43: [result.43]
Job finished with status: STOPPED
Checking file: /home0/tbr440/Cluster and Grid Computing/prime/result.43
Finished task: 43
Task 43 done
Tasks waiting 0 / running 24 / finished 40
Checking task:44: [result.44]
Job finished with status: STOPPED
Checking file: /home0/tbr440/Cluster and Grid Computing/prime/result.44
Checking task:44: [result.44]
Job finished with status: STOPPED
Checking file: /home0/tbr440/Cluster and Grid Computing/prime/result.44
Finished task: 44
Task 44 done
Tasks waiting 0 / running 23 / finished 41
Checking task:45: [result.45]
Job finished with status: STOPPED
Checking file: /home0/tbr440/Cluster and Grid Computing/prime/result.45
Checking task:45: [result.45]
Job finished with status: STOPPED
Checking file: /home0/tbr440/Cluster and Grid Computing/prime/result.45
Finished task: 45
Task 45 done
Tasks waiting 0 / running 22 / finished 42
Checking task:46: [result.46]
Job finished with status: STOPPED
Checking file: /home0/tbr440/Cluster and Grid Computing/prime/result.46
Checking task:46: [result.46]
Job finished with status: STOPPED
Checking file: /home0/tbr440/Cluster and Grid Computing/prime/result.46
Finished task: 46
Task 46 done
Tasks waiting 0 / running 21 / finished 43
Checking task:47: [result.47]
Job finished with status: STOPPED
Checking file: /home0/tbr440/Cluster and Grid Computing/prime/result.47
Checking task:47: [result.47]
Job finished with status: STOPPED
Checking file: /home0/tbr440/Cluster and Grid Computing/prime/result.47
Finished task: 47
Task 47 done
Tasks waiting 0 / running 20 / finished 44
Idle... [scheduled: 4, current: 16, finished: 44]
Checking task:34: [result.34]
Job finished with status: STOPPED
Checking file: /home0/tbr440/Cluster and Grid Computing/prime/result.34
Checking task:34: [result.34]
Job finished with status: STOPPED
Checking file: /home0/tbr440/Cluster and Grid Computing/prime/result.34
Finished task: 34
Task 34 done
Tasks waiting 0 / running 19 / finished 45
Finished a Job
Submitted a Job to: any://fs0.das3.cs.vu.nl/jobmanager-sge
Checking task:35: [result.35]
Job finished with status: STOPPED
Checking file: /home0/tbr440/Cluster and Grid Computing/prime/result.35
Checking task:35: [result.35]
Job finished with status: STOPPED
Checking file: /home0/tbr440/Cluster and Grid Computing/prime/result.35
Finished task: 35
Task 35 done
Tasks waiting 0 / running 18 / finished 46
Idle... [scheduled: 2, current: 16, finished: 46]
Idle... [scheduled: 2, current: 16, finished: 46]
Checking task:38: [result.38]
Job finished with status: STOPPED
Checking file: /home0/tbr440/Cluster and Grid Computing/prime/result.38
Checking task:38: [result.38]
Job finished with status: STOPPED
Checking file: /home0/tbr440/Cluster and Grid Computing/prime/result.38
Finished task: 38
Task 38 done
Tasks waiting 0 / running 17 / finished 47
Finished a Job
Submitted a Job to: any://fs0.das3.cs.vu.nl/jobmanager-sge
Checking task:39: [result.39]
Job finished with status: STOPPED
Checking file: /home0/tbr440/Cluster and Grid Computing/prime/result.39
Checking task:39: [result.39]
Job finished with status: STOPPED
Checking file: /home0/tbr440/Cluster and Grid Computing/prime/result.39
Finished task: 39
Task 39 done
Tasks waiting 0 / running 16 / finished 48
Idle... [scheduled: 0, current: 16, finished: 48]
Idle... [scheduled: 0, current: 16, finished: 48]
Idle... [scheduled: 0, current: 16, finished: 48]
Idle... [scheduled: 0, current: 16, finished: 48]
Idle... [scheduled: 0, current: 16, finished: 48]
Idle... [scheduled: 0, current: 16, finished: 48]
Idle... [scheduled: 0, current: 16, finished: 48]
Idle... [scheduled: 0, current: 16, finished: 48]
Idle... [scheduled: 0, current: 16, finished: 48]
Idle... [scheduled: 0, current: 16, finished: 48]
Idle... [scheduled: 0, current: 16, finished: 48]
Idle... [scheduled: 0, current: 16, finished: 48]
Idle... [scheduled: 0, current: 16, finished: 48]
Idle... [scheduled: 0, current: 16, finished: 48]
Idle... [scheduled: 0, current: 16, finished: 48]
Idle... [scheduled: 0, current: 16, finished: 48]
Idle... [scheduled: 0, current: 16, finished: 48]
Idle... [scheduled: 0, current: 16, finished: 48]
Idle... [scheduled: 0, current: 16, finished: 48]
Idle... [scheduled: 0, current: 16, finished: 48]
Idle... [scheduled: 0, current: 16, finished: 48]
Idle... [scheduled: 0, current: 16, finished: 48]
Idle... [scheduled: 0, current: 16, finished: 48]
Idle... [scheduled: 0, current: 16, finished: 48]
Idle... [scheduled: 0, current: 16, finished: 48]
Idle... [scheduled: 0, current: 16, finished: 48]
Idle... [scheduled: 0, current: 16, finished: 48]
Idle... [scheduled: 0, current: 16, finished: 48]
Idle... [scheduled: 0, current: 16, finished: 48]
Idle... [scheduled: 0, current: 16, finished: 48]
Idle... [scheduled: 0, current: 16, finished: 48]
Idle... [scheduled: 0, current: 16, finished: 48]
Idle... [scheduled: 0, current: 16, finished: 48]
Idle... [scheduled: 0, current: 16, finished: 48]
Idle... [scheduled: 0, current: 16, finished: 48]
Idle... [scheduled: 0, current: 16, finished: 48]
Idle... [scheduled: 0, current: 16, finished: 48]
Idle... [scheduled: 0, current: 16, finished: 48]
Idle... [scheduled: 0, current: 16, finished: 48]
Idle... [scheduled: 0, current: 16, finished: 48]
Idle... [scheduled: 0, current: 16, finished: 48]
Idle... [scheduled: 0, current: 16, finished: 48]
Idle... [scheduled: 0, current: 16, finished: 48]
Idle... [scheduled: 0, current: 16, finished: 48]
Idle... [scheduled: 0, current: 16, finished: 48]
Checking task:48: [result.48]
Job finished with status: STOPPED
Checking file: /home0/tbr440/Cluster and Grid Computing/prime/result.48
Checking task:48: [result.48]
Job finished with status: STOPPED
Checking file: /home0/tbr440/Cluster and Grid Computing/prime/result.48
Finished task: 48
Task 48 done
Tasks waiting 0 / running 15 / finished 49
Finished a Job
Checking task:49: [result.49]
Job finished with status: STOPPED
Checking file: /home0/tbr440/Cluster and Grid Computing/prime/result.49
Checking task:49: [result.49]
Job finished with status: STOPPED
Checking file: /home0/tbr440/Cluster and Grid Computing/prime/result.49
Finished task: 49
Task 49 done
Tasks waiting 0 / running 14 / finished 50
Idle... [scheduled: 0, current: 14, finished: 50]
Idle... [scheduled: 0, current: 14, finished: 50]
Idle... [scheduled: 0, current: 14, finished: 50]
Idle... [scheduled: 0, current: 14, finished: 50]
Idle... [scheduled: 0, current: 14, finished: 50]
Idle... [scheduled: 0, current: 14, finished: 50]
Checking task:50: [result.50]
Job finished with status: STOPPED
Checking file: /home0/tbr440/Cluster and Grid Computing/prime/result.50
Checking task:50: [result.50]
Job finished with status: STOPPED
Checking file: /home0/tbr440/Cluster and Grid Computing/prime/result.50
Finished task: 50
Task 50 done
Tasks waiting 0 / running 13 / finished 51
Finished a Job
Checking task:51: [result.51]
Job finished with status: STOPPED
Checking file: /home0/tbr440/Cluster and Grid Computing/prime/result.51
Checking task:51: [result.51]
Job finished with status: STOPPED
Checking file: /home0/tbr440/Cluster and Grid Computing/prime/result.51
Finished task: 51
Task 51 done
Tasks waiting 0 / running 12 / finished 52
Idle... [scheduled: 0, current: 12, finished: 52]
Idle... [scheduled: 0, current: 12, finished: 52]
Checking task:52: [result.52]
Job finished with status: STOPPED
Checking file: /home0/tbr440/Cluster and Grid Computing/prime/result.52
Checking task:52: [result.52]
Job finished with status: STOPPED
Checking file: /home0/tbr440/Cluster and Grid Computing/prime/result.52
Finished task: 52
Task 52 done
Tasks waiting 0 / running 11 / finished 53
Finished a Job
Checking task:53: [result.53]
Job finished with status: STOPPED
Checking file: /home0/tbr440/Cluster and Grid Computing/prime/result.53
Checking task:53: [result.53]
Job finished with status: STOPPED
Checking file: /home0/tbr440/Cluster and Grid Computing/prime/result.53
Finished task: 53
Task 53 done
Tasks waiting 0 / running 10 / finished 54
Idle... [scheduled: 0, current: 10, finished: 54]
Idle... [scheduled: 0, current: 10, finished: 54]
Idle... [scheduled: 0, current: 10, finished: 54]
Checking task:54: [result.54]
Job finished with status: STOPPED
Checking file: /home0/tbr440/Cluster and Grid Computing/prime/result.54
Checking task:54: [result.54]
Job finished with status: STOPPED
Checking file: /home0/tbr440/Cluster and Grid Computing/prime/result.54
Finished task: 54
Task 54 done
Tasks waiting 0 / running 9 / finished 55
Finished a Job
Finished a Job
Finished a Job
Finished a Job
Checking task:55: [result.55]
Job finished with status: STOPPED
Checking file: /home0/tbr440/Cluster and Grid Computing/prime/result.55
Checking task:55: [result.55]
Job finished with status: STOPPED
Checking file: /home0/tbr440/Cluster and Grid Computing/prime/result.55
Finished task: 55
Task 55 done
Tasks waiting 0 / running 8 / finished 56
Checking task:56: [result.56]
Job finished with status: STOPPED
Checking file: /home0/tbr440/Cluster and Grid Computing/prime/result.56
Checking task:56: [result.56]
Job finished with status: STOPPED
Checking file: /home0/tbr440/Cluster and Grid Computing/prime/result.56
Finished task: 56
Task 56 done
Tasks waiting 0 / running 7 / finished 57
Checking task:57: [result.57]
Job finished with status: STOPPED
Checking file: /home0/tbr440/Cluster and Grid Computing/prime/result.57
Checking task:57: [result.57]
Job finished with status: STOPPED
Checking file: /home0/tbr440/Cluster and Grid Computing/prime/result.57
Finished task: 57
Task 57 done
Tasks waiting 0 / running 6 / finished 58
Checking task:58: [result.58]
Job finished with status: STOPPED
Checking file: /home0/tbr440/Cluster and Grid Computing/prime/result.58
Checking task:58: [result.58]
Job finished with status: STOPPED
Checking file: /home0/tbr440/Cluster and Grid Computing/prime/result.58
Finished task: 58
Task 58 done
Tasks waiting 0 / running 5 / finished 59
Checking task:59: [result.59]
Job finished with status: STOPPED
Checking file: /home0/tbr440/Cluster and Grid Computing/prime/result.59
Checking task:59: [result.59]
Job finished with status: STOPPED
Checking file: /home0/tbr440/Cluster and Grid Computing/prime/result.59
Finished task: 59
Task 59 done
Tasks waiting 0 / running 4 / finished 60
Checking task:60: [result.60]
Job finished with status: STOPPED
Checking file: /home0/tbr440/Cluster and Grid Computing/prime/result.60
Checking task:60: [result.60]
Job finished with status: STOPPED
Checking file: /home0/tbr440/Cluster and Grid Computing/prime/result.60
Finished task: 60
Task 60 done
Tasks waiting 0 / running 3 / finished 61
Checking task:61: [result.61]
Job finished with status: STOPPED
Checking file: /home0/tbr440/Cluster and Grid Computing/prime/result.61
Checking task:61: [result.61]
Job finished with status: STOPPED
Checking file: /home0/tbr440/Cluster and Grid Computing/prime/result.61
Finished task: 61
Task 61 done
Tasks waiting 0 / running 2 / finished 62
Idle... [scheduled: 0, current: 2, finished: 62]
Idle... [scheduled: 0, current: 2, finished: 62]
Idle... [scheduled: 0, current: 2, finished: 62]
Idle... [scheduled: 0, current: 2, finished: 62]
Idle... [scheduled: 0, current: 2, finished: 62]
Idle... [scheduled: 0, current: 2, finished: 62]
Checking task:62: [result.62]
Job finished with status: STOPPED
Checking file: /home0/tbr440/Cluster and Grid Computing/prime/result.62
Checking task:62: [result.62]
Job finished with status: STOPPED
Checking file: /home0/tbr440/Cluster and Grid Computing/prime/result.62
Finished task: 62
Task 62 done
Tasks waiting 0 / running 1 / finished 63
Finished a Job
Checking task:63: [result.63]
Job finished with status: STOPPED
Checking file: /home0/tbr440/Cluster and Grid Computing/prime/result.63
Checking task:63: [result.63]
Job finished with status: STOPPED
Checking file: /home0/tbr440/Cluster and Grid Computing/prime/result.63
Finished task: 63
Task 63 done
Tasks waiting 0 / running 0 / finished 64

Tasks finished: 64 (OK)
Results:
  1234567890 -> 2 * 3 * 3 * 5 * 3607 * 3803
  1234567891 -> 1234567891
  1234567892 -> 2 * 2 * 41 * 7527853
  1234567893 -> 3 * 13 * 31655587
  1234567894 -> 2 * 7 * 47 * 479 * 3917
  1234567895 -> 5 * 11 * 23 * 975943
  1234567896 -> 2 * 2 * 2 * 3 * 83 * 619763
  1234567897 -> 17 * 73 * 994817
  1234567898 -> 2 * 61 * 10119409
  1234567899 -> 3 * 3 * 3 * 3 * 109 * 139831
  1234567900 -> 2 * 2 * 5 * 5 * 37 * 333667
  1234567901 -> 7 * 31 * 613 * 9281
  1234567902 -> 2 * 3 * 19 * 53 * 204331
  1234567903 -> 29 * 42571307
  1234567904 -> 2 * 2 * 2 * 2 * 2 * 38580247
  1234567905 -> 3 * 5 * 443 * 185789
  1234567906 -> 2 * 11 * 13 * 631 * 6841
  1234567907 -> 1234567907
  1234567908 -> 2 * 2 * 3 * 3 * 7 * 4899079
  1234567909 -> 20887 * 59107
  1234567910 -> 2 * 5 * 123456791
  1234567911 -> 3 * 411522637
  1234567912 -> 2 * 2 * 2 * 317 * 486817
  1234567913 -> 1234567913
  1234567914 -> 2 * 3 * 17 * 947 * 12781
  1234567915 -> 5 * 7 * 35273369
  1234567916 -> 2 * 2 * 499 * 618521
  1234567917 -> 3 * 3 * 11 * 223 * 55921
  1234567918 -> 2 * 23 * 79 * 339727
  1234567919 -> 13 * 94966763
  1234567920 -> 2 * 2 * 2 * 2 * 3 * 5 * 59 * 87187
  1234567921 -> 19 * 64977259
  1234567922 -> 2 * 7 * 88183423
  1234567923 -> 3 * 401 * 641 * 1601
  1234567924 -> 2 * 2 * 308641981
  1234567925 -> 5 * 5 * 193 * 255869
  1234567926 -> 2 * 3 * 3 * 3 * 43 * 107 * 4969
  1234567927 -> 1234567927
  1234567928 -> 2 * 2 * 2 * 11 * 1709 * 8209
  1234567929 -> 3 * 7 * 67 * 827 * 1061
  1234567930 -> 2 * 5 * 157 * 786349
  1234567931 -> 17 * 72621643
  1234567932 -> 2 * 2 * 3 * 13 * 29 * 31 * 8803
  1234567933 -> 41 * 967 * 31139
  1234567934 -> 2 * 617283967
  1234567935 -> 3 * 3 * 5 * 27434843
  1234567936 -> 2 * 2 * 2 * 2 * 2 * 2 * 2 * 2 * 7 * 7 * 98419
  1234567937 -> 37 * 33366701
  1234567938 -> 2 * 3 * 205761323
  1234567939 -> 11 * 112233449
  1234567940 -> 2 * 2 * 5 * 19 * 113 * 28751
  1234567941 -> 3 * 23 * 47 * 199 * 1913
  1234567942 -> 2 * 18371 * 33601
  1234567943 -> 7 * 176366849
  1234567944 -> 2 * 2 * 2 * 3 * 3 * 17146777
  1234567945 -> 5 * 13 * 101 * 383 * 491
  1234567946 -> 2 * 617283973
  1234567947 -> 3 * 411522649
  1234567948 -> 2 * 2 * 17 * 277 * 65543
  1234567949 -> 1234567949
  1234567950 -> 2 * 3 * 5 * 5 * 7 * 11 * 89 * 1201
  1234567951 -> 71 * 541 * 32141
  1234567952 -> 2 * 2 * 2 * 2 * 77160497
  1234567953 -> 3 * 3 * 3 * 45724739

Master time: 506 sec.
Worker time: 4655 sec.

real	8m27.245s
user	0m28.282s
sys	0m6.216s
_tbr440@fs0:~/cgc/prime\[tbr440@fs0 prime]$ 